<?xml version="1.0" encoding="UTF-8"?>
<testng-results ignored="0" total="2" passed="2" failed="0" skipped="0">
  <reporter-output>
  </reporter-output>
  <suite started-at="2025-06-12T12:12:01 IST" name="OrangeHRM Automation suite" finished-at="2025-06-12T12:12:24 IST" duration-ms="22829">
    <groups>
      <group name="first">
        <method signature="Logintestcases.test1()[pri:1, instance:com.OrangeCRM.QA.TestCases.Logintestcases@2f4948e4]" name="test1" class="com.OrangeCRM.QA.TestCases.Logintestcases"/>
        <method signature="Logintestcases.test2()[pri:2, instance:com.OrangeCRM.QA.TestCases.Logintestcases@2f4948e4]" name="test2" class="com.OrangeCRM.QA.TestCases.Logintestcases"/>
      </group> <!-- first -->
    </groups>
    <test started-at="2025-06-12T12:12:01 IST" name="HRM Testing" finished-at="2025-06-12T12:12:24 IST" duration-ms="22829">
      <class name="com.OrangeCRM.QA.TestCases.Logintestcases">
        <test-method is-config="true" signature="setUp()[pri:0, instance:com.OrangeCRM.QA.TestCases.Logintestcases@2f4948e4]" started-at="2025-06-12T12:12:01 IST" name="setUp" finished-at="2025-06-12T12:12:13 IST" duration-ms="12627" status="PASS">
          <reporter-output>
          </reporter-output>
        </test-method> <!-- setUp -->
        <test-method signature="test1()[pri:1, instance:com.OrangeCRM.QA.TestCases.Logintestcases@2f4948e4]" started-at="2025-06-12T12:12:13 IST" name="test1" finished-at="2025-06-12T12:12:14 IST" duration-ms="160" status="PASS">
          <reporter-output>
          </reporter-output>
        </test-method> <!-- test1 -->
        <test-method is-config="true" signature="teardown()[pri:0, instance:com.OrangeCRM.QA.TestCases.Logintestcases@2f4948e4]" started-at="2025-06-12T12:12:14 IST" name="teardown" finished-at="2025-06-12T12:12:14 IST" duration-ms="212" status="PASS">
          <reporter-output>
          </reporter-output>
        </test-method> <!-- teardown -->
        <test-method is-config="true" signature="setUp()[pri:0, instance:com.OrangeCRM.QA.TestCases.Logintestcases@2f4948e4]" started-at="2025-06-12T12:12:14 IST" name="setUp" finished-at="2025-06-12T12:12:19 IST" duration-ms="5619" status="PASS">
          <reporter-output>
          </reporter-output>
        </test-method> <!-- setUp -->
        <test-method signature="test2()[pri:2, instance:com.OrangeCRM.QA.TestCases.Logintestcases@2f4948e4]" started-at="2025-06-12T12:12:19 IST" name="test2" finished-at="2025-06-12T12:12:23 IST" duration-ms="3902" status="PASS">
          <reporter-output>
          </reporter-output>
        </test-method> <!-- test2 -->
        <test-method is-config="true" signature="teardown()[pri:0, instance:com.OrangeCRM.QA.TestCases.Logintestcases@2f4948e4]" started-at="2025-06-12T12:12:23 IST" name="teardown" finished-at="2025-06-12T12:12:24 IST" duration-ms="195" status="PASS">
          <reporter-output>
          </reporter-output>
        </test-method> <!-- teardown -->
      </class> <!-- com.OrangeCRM.QA.TestCases.Logintestcases -->
    </test> <!-- HRM Testing -->
  </suite> <!-- OrangeHRM Automation suite -->
</testng-results>
